<?xml version="1.0" encoding="UTF-8"?>
<testsuite xmlns:xsi="http://www.w3.org/2001/XMLSchema-instance" xsi:noNamespaceSchemaLocation="https://maven.apache.org/surefire/maven-surefire-plugin/xsd/surefire-test-report-3.0.xsd" version="3.0" name="com.helloCash.helloCash.HelloCashApplicationTests" time="13.258" tests="1" errors="0" skipped="0" failures="0">
  <properties>
    <property name="java.specification.version" value="22"/>
    <property name="sun.jnu.encoding" value="UTF-8"/>
    <property name="java.class.path" value="/Users/mac/Downloads/HelloCash-App/target/test-classes:/Users/mac/Downloads/HelloCash-App/target/classes:/Users/mac/.m2/repository/org/springframework/boot/spring-boot-starter-websocket/3.3.0/spring-boot-starter-websocket-3.3.0.jar:/Users/mac/.m2/repository/org/springframework/spring-messaging/6.1.8/spring-messaging-6.1.8.jar:/Users/mac/.m2/repository/org/springframework/spring-websocket/6.1.8/spring-websocket-6.1.8.jar:/Users/mac/.m2/repository/org/springframework/boot/spring-boot-starter-data-jpa/3.3.0/spring-boot-starter-data-jpa-3.3.0.jar:/Users/mac/.m2/repository/org/springframework/boot/spring-boot-starter-aop/3.3.0/spring-boot-starter-aop-3.3.0.jar:/Users/mac/.m2/repository/org/aspectj/aspectjweaver/1.9.22/aspectjweaver-1.9.22.jar:/Users/mac/.m2/repository/org/springframework/boot/spring-boot-starter-jdbc/3.3.0/spring-boot-starter-jdbc-3.3.0.jar:/Users/mac/.m2/repository/com/zaxxer/HikariCP/5.1.0/HikariCP-5.1.0.jar:/Users/mac/.m2/repository/org/springframework/spring-jdbc/6.1.8/spring-jdbc-6.1.8.jar:/Users/mac/.m2/repository/org/hibernate/orm/hibernate-core/6.5.2.Final/hibernate-core-6.5.2.Final.jar:/Users/mac/.m2/repository/jakarta/persistence/jakarta.persistence-api/3.1.0/jakarta.persistence-api-3.1.0.jar:/Users/mac/.m2/repository/jakarta/transaction/jakarta.transaction-api/2.0.1/jakarta.transaction-api-2.0.1.jar:/Users/mac/.m2/repository/org/jboss/logging/jboss-logging/3.5.3.Final/jboss-logging-3.5.3.Final.jar:/Users/mac/.m2/repository/org/hibernate/common/hibernate-commons-annotations/6.0.6.Final/hibernate-commons-annotations-6.0.6.Final.jar:/Users/mac/.m2/repository/io/smallrye/jandex/3.1.2/jandex-3.1.2.jar:/Users/mac/.m2/repository/com/fasterxml/classmate/1.7.0/classmate-1.7.0.jar:/Users/mac/.m2/repository/net/bytebuddy/byte-buddy/1.14.16/byte-buddy-1.14.16.jar:/Users/mac/.m2/repository/org/glassfish/jaxb/jaxb-runtime/4.0.5/jaxb-runtime-4.0.5.jar:/Users/mac/.m2/repository/org/glassfish/jaxb/jaxb-core/4.0.5/jaxb-core-4.0.5.jar:/Users/mac/.m2/repository/org/eclipse/angus/angus-activation/2.0.2/angus-activation-2.0.2.jar:/Users/mac/.m2/repository/org/glassfish/jaxb/txw2/4.0.5/txw2-4.0.5.jar:/Users/mac/.m2/repository/com/sun/istack/istack-commons-runtime/4.1.2/istack-commons-runtime-4.1.2.jar:/Users/mac/.m2/repository/jakarta/inject/jakarta.inject-api/2.0.1/jakarta.inject-api-2.0.1.jar:/Users/mac/.m2/repository/org/antlr/antlr4-runtime/4.13.0/antlr4-runtime-4.13.0.jar:/Users/mac/.m2/repository/org/springframework/data/spring-data-jpa/3.3.0/spring-data-jpa-3.3.0.jar:/Users/mac/.m2/repository/org/springframework/data/spring-data-commons/3.3.0/spring-data-commons-3.3.0.jar:/Users/mac/.m2/repository/org/springframework/spring-orm/6.1.8/spring-orm-6.1.8.jar:/Users/mac/.m2/repository/org/springframework/spring-tx/6.1.8/spring-tx-6.1.8.jar:/Users/mac/.m2/repository/jakarta/annotation/jakarta.annotation-api/2.1.1/jakarta.annotation-api-2.1.1.jar:/Users/mac/.m2/repository/org/springframework/spring-aspects/6.1.8/spring-aspects-6.1.8.jar:/Users/mac/.m2/repository/org/springframework/boot/spring-boot-starter-web/3.3.0/spring-boot-starter-web-3.3.0.jar:/Users/mac/.m2/repository/org/springframework/boot/spring-boot-starter/3.3.0/spring-boot-starter-3.3.0.jar:/Users/mac/.m2/repository/org/springframework/boot/spring-boot/3.3.0/spring-boot-3.3.0.jar:/Users/mac/.m2/repository/org/springframework/boot/spring-boot-autoconfigure/3.3.0/spring-boot-autoconfigure-3.3.0.jar:/Users/mac/.m2/repository/org/springframework/boot/spring-boot-starter-logging/3.3.0/spring-boot-starter-logging-3.3.0.jar:/Users/mac/.m2/repository/ch/qos/logback/logback-classic/1.5.6/logback-classic-1.5.6.jar:/Users/mac/.m2/repository/ch/qos/logback/logback-core/1.5.6/logback-core-1.5.6.jar:/Users/mac/.m2/repository/org/apache/logging/log4j/log4j-to-slf4j/2.23.1/log4j-to-slf4j-2.23.1.jar:/Users/mac/.m2/repository/org/apache/logging/log4j/log4j-api/2.23.1/log4j-api-2.23.1.jar:/Users/mac/.m2/repository/org/slf4j/jul-to-slf4j/2.0.13/jul-to-slf4j-2.0.13.jar:/Users/mac/.m2/repository/org/yaml/snakeyaml/2.2/snakeyaml-2.2.jar:/Users/mac/.m2/repository/org/springframework/boot/spring-boot-starter-json/3.3.0/spring-boot-starter-json-3.3.0.jar:/Users/mac/.m2/repository/com/fasterxml/jackson/datatype/jackson-datatype-jdk8/2.17.1/jackson-datatype-jdk8-2.17.1.jar:/Users/mac/.m2/repository/com/fasterxml/jackson/module/jackson-module-parameter-names/2.17.1/jackson-module-parameter-names-2.17.1.jar:/Users/mac/.m2/repository/org/springframework/boot/spring-boot-starter-tomcat/3.3.0/spring-boot-starter-tomcat-3.3.0.jar:/Users/mac/.m2/repository/org/apache/tomcat/embed/tomcat-embed-core/10.1.24/tomcat-embed-core-10.1.24.jar:/Users/mac/.m2/repository/org/apache/tomcat/embed/tomcat-embed-el/10.1.24/tomcat-embed-el-10.1.24.jar:/Users/mac/.m2/repository/org/apache/tomcat/embed/tomcat-embed-websocket/10.1.24/tomcat-embed-websocket-10.1.24.jar:/Users/mac/.m2/repository/org/springframework/spring-web/6.1.8/spring-web-6.1.8.jar:/Users/mac/.m2/repository/io/micrometer/micrometer-observation/1.13.0/micrometer-observation-1.13.0.jar:/Users/mac/.m2/repository/io/micrometer/micrometer-commons/1.13.0/micrometer-commons-1.13.0.jar:/Users/mac/.m2/repository/org/springframework/spring-webmvc/6.1.8/spring-webmvc-6.1.8.jar:/Users/mac/.m2/repository/org/postgresql/postgresql/42.7.3/postgresql-42.7.3.jar:/Users/mac/.m2/repository/org/checkerframework/checker-qual/3.42.0/checker-qual-3.42.0.jar:/Users/mac/.m2/repository/org/projectlombok/lombok/1.18.32/lombok-1.18.32.jar:/Users/mac/.m2/repository/com/twilio/sdk/twilio/10.3.0/twilio-10.3.0.jar:/Users/mac/.m2/repository/commons-codec/commons-codec/1.16.1/commons-codec-1.16.1.jar:/Users/mac/.m2/repository/commons-io/commons-io/2.7/commons-io-2.7.jar:/Users/mac/.m2/repository/io/jsonwebtoken/jjwt-api/0.11.2/jjwt-api-0.11.2.jar:/Users/mac/.m2/repository/io/jsonwebtoken/jjwt-jackson/0.11.2/jjwt-jackson-0.11.2.jar:/Users/mac/.m2/repository/io/jsonwebtoken/jjwt-impl/0.11.2/jjwt-impl-0.11.2.jar:/Users/mac/.m2/repository/org/apache/httpcomponents/httpclient/4.5.13/httpclient-4.5.13.jar:/Users/mac/.m2/repository/commons-logging/commons-logging/1.2/commons-logging-1.2.jar:/Users/mac/.m2/repository/org/apache/httpcomponents/httpcore/4.4.16/httpcore-4.4.16.jar:/Users/mac/.m2/repository/com/fasterxml/jackson/core/jackson-core/2.17.1/jackson-core-2.17.1.jar:/Users/mac/.m2/repository/com/fasterxml/jackson/core/jackson-annotations/2.17.1/jackson-annotations-2.17.1.jar:/Users/mac/.m2/repository/com/fasterxml/jackson/core/jackson-databind/2.17.1/jackson-databind-2.17.1.jar:/Users/mac/.m2/repository/com/fasterxml/jackson/datatype/jackson-datatype-jsr310/2.17.1/jackson-datatype-jsr310-2.17.1.jar:/Users/mac/.m2/repository/com/fasterxml/jackson/dataformat/jackson-dataformat-xml/2.17.1/jackson-dataformat-xml-2.17.1.jar:/Users/mac/.m2/repository/org/codehaus/woodstox/stax2-api/4.2.2/stax2-api-4.2.2.jar:/Users/mac/.m2/repository/com/fasterxml/woodstox/woodstox-core/6.6.2/woodstox-core-6.6.2.jar:/Users/mac/.m2/repository/org/slf4j/slf4j-api/2.0.13/slf4j-api-2.0.13.jar:/Users/mac/.m2/repository/org/json/json/20240303/json-20240303.jar:/Users/mac/.m2/repository/org/springframework/security/spring-security-core/5.5.0/spring-security-core-5.5.0.jar:/Users/mac/.m2/repository/org/springframework/spring-aop/6.1.8/spring-aop-6.1.8.jar:/Users/mac/.m2/repository/org/springframework/spring-beans/6.1.8/spring-beans-6.1.8.jar:/Users/mac/.m2/repository/org/springframework/spring-context/6.1.8/spring-context-6.1.8.jar:/Users/mac/.m2/repository/org/springframework/spring-core/6.1.8/spring-core-6.1.8.jar:/Users/mac/.m2/repository/org/springframework/spring-jcl/6.1.8/spring-jcl-6.1.8.jar:/Users/mac/.m2/repository/org/springframework/spring-expression/6.1.8/spring-expression-6.1.8.jar:/Users/mac/.m2/repository/org/springframework/security/spring-security-crypto/6.3.0/spring-security-crypto-6.3.0.jar:/Users/mac/.m2/repository/org/springframework/boot/spring-boot-starter-test/3.3.0/spring-boot-starter-test-3.3.0.jar:/Users/mac/.m2/repository/org/springframework/boot/spring-boot-test/3.3.0/spring-boot-test-3.3.0.jar:/Users/mac/.m2/repository/org/springframework/boot/spring-boot-test-autoconfigure/3.3.0/spring-boot-test-autoconfigure-3.3.0.jar:/Users/mac/.m2/repository/com/jayway/jsonpath/json-path/2.9.0/json-path-2.9.0.jar:/Users/mac/.m2/repository/jakarta/xml/bind/jakarta.xml.bind-api/4.0.2/jakarta.xml.bind-api-4.0.2.jar:/Users/mac/.m2/repository/jakarta/activation/jakarta.activation-api/2.1.3/jakarta.activation-api-2.1.3.jar:/Users/mac/.m2/repository/net/minidev/json-smart/2.5.1/json-smart-2.5.1.jar:/Users/mac/.m2/repository/net/minidev/accessors-smart/2.5.1/accessors-smart-2.5.1.jar:/Users/mac/.m2/repository/org/ow2/asm/asm/9.6/asm-9.6.jar:/Users/mac/.m2/repository/org/assertj/assertj-core/3.25.3/assertj-core-3.25.3.jar:/Users/mac/.m2/repository/org/awaitility/awaitility/4.2.1/awaitility-4.2.1.jar:/Users/mac/.m2/repository/org/hamcrest/hamcrest/2.2/hamcrest-2.2.jar:/Users/mac/.m2/repository/org/junit/jupiter/junit-jupiter/5.10.2/junit-jupiter-5.10.2.jar:/Users/mac/.m2/repository/org/junit/jupiter/junit-jupiter-api/5.10.2/junit-jupiter-api-5.10.2.jar:/Users/mac/.m2/repository/org/opentest4j/opentest4j/1.3.0/opentest4j-1.3.0.jar:/Users/mac/.m2/repository/org/junit/platform/junit-platform-commons/1.10.2/junit-platform-commons-1.10.2.jar:/Users/mac/.m2/repository/org/apiguardian/apiguardian-api/1.1.2/apiguardian-api-1.1.2.jar:/Users/mac/.m2/repository/org/junit/jupiter/junit-jupiter-params/5.10.2/junit-jupiter-params-5.10.2.jar:/Users/mac/.m2/repository/org/junit/jupiter/junit-jupiter-engine/5.10.2/junit-jupiter-engine-5.10.2.jar:/Users/mac/.m2/repository/org/junit/platform/junit-platform-engine/1.10.2/junit-platform-engine-1.10.2.jar:/Users/mac/.m2/repository/org/mockito/mockito-core/5.11.0/mockito-core-5.11.0.jar:/Users/mac/.m2/repository/net/bytebuddy/byte-buddy-agent/1.14.16/byte-buddy-agent-1.14.16.jar:/Users/mac/.m2/repository/org/objenesis/objenesis/3.3/objenesis-3.3.jar:/Users/mac/.m2/repository/org/mockito/mockito-junit-jupiter/5.11.0/mockito-junit-jupiter-5.11.0.jar:/Users/mac/.m2/repository/org/skyscreamer/jsonassert/1.5.1/jsonassert-1.5.1.jar:/Users/mac/.m2/repository/com/vaadin/external/google/android-json/0.0.20131108.vaadin1/android-json-0.0.20131108.vaadin1.jar:/Users/mac/.m2/repository/org/springframework/spring-test/6.1.8/spring-test-6.1.8.jar:/Users/mac/.m2/repository/org/xmlunit/xmlunit-core/2.9.1/xmlunit-core-2.9.1.jar:"/>
    <property name="java.vm.vendor" value="Homebrew"/>
    <property name="sun.arch.data.model" value="64"/>
    <property name="java.vendor.url" value="https://github.com/Homebrew/homebrew-core/issues"/>
    <property name="user.timezone" value="Africa/Lagos"/>
    <property name="org.jboss.logging.provider" value="slf4j"/>
    <property name="os.name" value="Mac OS X"/>
    <property name="java.vm.specification.version" value="22"/>
    <property name="sun.java.launcher" value="SUN_STANDARD"/>
    <property name="user.country" value="NG"/>
    <property name="sun.boot.library.path" value="/usr/local/Cellar/openjdk/22.0.1/libexec/openjdk.jdk/Contents/Home/lib"/>
    <property name="sun.java.command" value="/Users/mac/Downloads/HelloCash-App/target/surefire/surefirebooter-20240708195938059_3.jar /Users/mac/Downloads/HelloCash-App/target/surefire 2024-07-08T19-59-37_645-jvmRun1 surefire-20240708195938059_1tmp surefire_0-20240708195938059_2tmp"/>
    <property name="http.nonProxyHosts" value="local|*.local|169.254/16|*.169.254/16"/>
    <property name="jdk.debug" value="release"/>
    <property name="surefire.test.class.path" value="/Users/mac/Downloads/HelloCash-App/target/test-classes:/Users/mac/Downloads/HelloCash-App/target/classes:/Users/mac/.m2/repository/org/springframework/boot/spring-boot-starter-websocket/3.3.0/spring-boot-starter-websocket-3.3.0.jar:/Users/mac/.m2/repository/org/springframework/spring-messaging/6.1.8/spring-messaging-6.1.8.jar:/Users/mac/.m2/repository/org/springframework/spring-websocket/6.1.8/spring-websocket-6.1.8.jar:/Users/mac/.m2/repository/org/springframework/boot/spring-boot-starter-data-jpa/3.3.0/spring-boot-starter-data-jpa-3.3.0.jar:/Users/mac/.m2/repository/org/springframework/boot/spring-boot-starter-aop/3.3.0/spring-boot-starter-aop-3.3.0.jar:/Users/mac/.m2/repository/org/aspectj/aspectjweaver/1.9.22/aspectjweaver-1.9.22.jar:/Users/mac/.m2/repository/org/springframework/boot/spring-boot-starter-jdbc/3.3.0/spring-boot-starter-jdbc-3.3.0.jar:/Users/mac/.m2/repository/com/zaxxer/HikariCP/5.1.0/HikariCP-5.1.0.jar:/Users/mac/.m2/repository/org/springframework/spring-jdbc/6.1.8/spring-jdbc-6.1.8.jar:/Users/mac/.m2/repository/org/hibernate/orm/hibernate-core/6.5.2.Final/hibernate-core-6.5.2.Final.jar:/Users/mac/.m2/repository/jakarta/persistence/jakarta.persistence-api/3.1.0/jakarta.persistence-api-3.1.0.jar:/Users/mac/.m2/repository/jakarta/transaction/jakarta.transaction-api/2.0.1/jakarta.transaction-api-2.0.1.jar:/Users/mac/.m2/repository/org/jboss/logging/jboss-logging/3.5.3.Final/jboss-logging-3.5.3.Final.jar:/Users/mac/.m2/repository/org/hibernate/common/hibernate-commons-annotations/6.0.6.Final/hibernate-commons-annotations-6.0.6.Final.jar:/Users/mac/.m2/repository/io/smallrye/jandex/3.1.2/jandex-3.1.2.jar:/Users/mac/.m2/repository/com/fasterxml/classmate/1.7.0/classmate-1.7.0.jar:/Users/mac/.m2/repository/net/bytebuddy/byte-buddy/1.14.16/byte-buddy-1.14.16.jar:/Users/mac/.m2/repository/org/glassfish/jaxb/jaxb-runtime/4.0.5/jaxb-runtime-4.0.5.jar:/Users/mac/.m2/repository/org/glassfish/jaxb/jaxb-core/4.0.5/jaxb-core-4.0.5.jar:/Users/mac/.m2/repository/org/eclipse/angus/angus-activation/2.0.2/angus-activation-2.0.2.jar:/Users/mac/.m2/repository/org/glassfish/jaxb/txw2/4.0.5/txw2-4.0.5.jar:/Users/mac/.m2/repository/com/sun/istack/istack-commons-runtime/4.1.2/istack-commons-runtime-4.1.2.jar:/Users/mac/.m2/repository/jakarta/inject/jakarta.inject-api/2.0.1/jakarta.inject-api-2.0.1.jar:/Users/mac/.m2/repository/org/antlr/antlr4-runtime/4.13.0/antlr4-runtime-4.13.0.jar:/Users/mac/.m2/repository/org/springframework/data/spring-data-jpa/3.3.0/spring-data-jpa-3.3.0.jar:/Users/mac/.m2/repository/org/springframework/data/spring-data-commons/3.3.0/spring-data-commons-3.3.0.jar:/Users/mac/.m2/repository/org/springframework/spring-orm/6.1.8/spring-orm-6.1.8.jar:/Users/mac/.m2/repository/org/springframework/spring-tx/6.1.8/spring-tx-6.1.8.jar:/Users/mac/.m2/repository/jakarta/annotation/jakarta.annotation-api/2.1.1/jakarta.annotation-api-2.1.1.jar:/Users/mac/.m2/repository/org/springframework/spring-aspects/6.1.8/spring-aspects-6.1.8.jar:/Users/mac/.m2/repository/org/springframework/boot/spring-boot-starter-web/3.3.0/spring-boot-starter-web-3.3.0.jar:/Users/mac/.m2/repository/org/springframework/boot/spring-boot-starter/3.3.0/spring-boot-starter-3.3.0.jar:/Users/mac/.m2/repository/org/springframework/boot/spring-boot/3.3.0/spring-boot-3.3.0.jar:/Users/mac/.m2/repository/org/springframework/boot/spring-boot-autoconfigure/3.3.0/spring-boot-autoconfigure-3.3.0.jar:/Users/mac/.m2/repository/org/springframework/boot/spring-boot-starter-logging/3.3.0/spring-boot-starter-logging-3.3.0.jar:/Users/mac/.m2/repository/ch/qos/logback/logback-classic/1.5.6/logback-classic-1.5.6.jar:/Users/mac/.m2/repository/ch/qos/logback/logback-core/1.5.6/logback-core-1.5.6.jar:/Users/mac/.m2/repository/org/apache/logging/log4j/log4j-to-slf4j/2.23.1/log4j-to-slf4j-2.23.1.jar:/Users/mac/.m2/repository/org/apache/logging/log4j/log4j-api/2.23.1/log4j-api-2.23.1.jar:/Users/mac/.m2/repository/org/slf4j/jul-to-slf4j/2.0.13/jul-to-slf4j-2.0.13.jar:/Users/mac/.m2/repository/org/yaml/snakeyaml/2.2/snakeyaml-2.2.jar:/Users/mac/.m2/repository/org/springframework/boot/spring-boot-starter-json/3.3.0/spring-boot-starter-json-3.3.0.jar:/Users/mac/.m2/repository/com/fasterxml/jackson/datatype/jackson-datatype-jdk8/2.17.1/jackson-datatype-jdk8-2.17.1.jar:/Users/mac/.m2/repository/com/fasterxml/jackson/module/jackson-module-parameter-names/2.17.1/jackson-module-parameter-names-2.17.1.jar:/Users/mac/.m2/repository/org/springframework/boot/spring-boot-starter-tomcat/3.3.0/spring-boot-starter-tomcat-3.3.0.jar:/Users/mac/.m2/repository/org/apache/tomcat/embed/tomcat-embed-core/10.1.24/tomcat-embed-core-10.1.24.jar:/Users/mac/.m2/repository/org/apache/tomcat/embed/tomcat-embed-el/10.1.24/tomcat-embed-el-10.1.24.jar:/Users/mac/.m2/repository/org/apache/tomcat/embed/tomcat-embed-websocket/10.1.24/tomcat-embed-websocket-10.1.24.jar:/Users/mac/.m2/repository/org/springframework/spring-web/6.1.8/spring-web-6.1.8.jar:/Users/mac/.m2/repository/io/micrometer/micrometer-observation/1.13.0/micrometer-observation-1.13.0.jar:/Users/mac/.m2/repository/io/micrometer/micrometer-commons/1.13.0/micrometer-commons-1.13.0.jar:/Users/mac/.m2/repository/org/springframework/spring-webmvc/6.1.8/spring-webmvc-6.1.8.jar:/Users/mac/.m2/repository/org/postgresql/postgresql/42.7.3/postgresql-42.7.3.jar:/Users/mac/.m2/repository/org/checkerframework/checker-qual/3.42.0/checker-qual-3.42.0.jar:/Users/mac/.m2/repository/org/projectlombok/lombok/1.18.32/lombok-1.18.32.jar:/Users/mac/.m2/repository/com/twilio/sdk/twilio/10.3.0/twilio-10.3.0.jar:/Users/mac/.m2/repository/commons-codec/commons-codec/1.16.1/commons-codec-1.16.1.jar:/Users/mac/.m2/repository/commons-io/commons-io/2.7/commons-io-2.7.jar:/Users/mac/.m2/repository/io/jsonwebtoken/jjwt-api/0.11.2/jjwt-api-0.11.2.jar:/Users/mac/.m2/repository/io/jsonwebtoken/jjwt-jackson/0.11.2/jjwt-jackson-0.11.2.jar:/Users/mac/.m2/repository/io/jsonwebtoken/jjwt-impl/0.11.2/jjwt-impl-0.11.2.jar:/Users/mac/.m2/repository/org/apache/httpcomponents/httpclient/4.5.13/httpclient-4.5.13.jar:/Users/mac/.m2/repository/commons-logging/commons-logging/1.2/commons-logging-1.2.jar:/Users/mac/.m2/repository/org/apache/httpcomponents/httpcore/4.4.16/httpcore-4.4.16.jar:/Users/mac/.m2/repository/com/fasterxml/jackson/core/jackson-core/2.17.1/jackson-core-2.17.1.jar:/Users/mac/.m2/repository/com/fasterxml/jackson/core/jackson-annotations/2.17.1/jackson-annotations-2.17.1.jar:/Users/mac/.m2/repository/com/fasterxml/jackson/core/jackson-databind/2.17.1/jackson-databind-2.17.1.jar:/Users/mac/.m2/repository/com/fasterxml/jackson/datatype/jackson-datatype-jsr310/2.17.1/jackson-datatype-jsr310-2.17.1.jar:/Users/mac/.m2/repository/com/fasterxml/jackson/dataformat/jackson-dataformat-xml/2.17.1/jackson-dataformat-xml-2.17.1.jar:/Users/mac/.m2/repository/org/codehaus/woodstox/stax2-api/4.2.2/stax2-api-4.2.2.jar:/Users/mac/.m2/repository/com/fasterxml/woodstox/woodstox-core/6.6.2/woodstox-core-6.6.2.jar:/Users/mac/.m2/repository/org/slf4j/slf4j-api/2.0.13/slf4j-api-2.0.13.jar:/Users/mac/.m2/repository/org/json/json/20240303/json-20240303.jar:/Users/mac/.m2/repository/org/springframework/security/spring-security-core/5.5.0/spring-security-core-5.5.0.jar:/Users/mac/.m2/repository/org/springframework/spring-aop/6.1.8/spring-aop-6.1.8.jar:/Users/mac/.m2/repository/org/springframework/spring-beans/6.1.8/spring-beans-6.1.8.jar:/Users/mac/.m2/repository/org/springframework/spring-context/6.1.8/spring-context-6.1.8.jar:/Users/mac/.m2/repository/org/springframework/spring-core/6.1.8/spring-core-6.1.8.jar:/Users/mac/.m2/repository/org/springframework/spring-jcl/6.1.8/spring-jcl-6.1.8.jar:/Users/mac/.m2/repository/org/springframework/spring-expression/6.1.8/spring-expression-6.1.8.jar:/Users/mac/.m2/repository/org/springframework/security/spring-security-crypto/6.3.0/spring-security-crypto-6.3.0.jar:/Users/mac/.m2/repository/org/springframework/boot/spring-boot-starter-test/3.3.0/spring-boot-starter-test-3.3.0.jar:/Users/mac/.m2/repository/org/springframework/boot/spring-boot-test/3.3.0/spring-boot-test-3.3.0.jar:/Users/mac/.m2/repository/org/springframework/boot/spring-boot-test-autoconfigure/3.3.0/spring-boot-test-autoconfigure-3.3.0.jar:/Users/mac/.m2/repository/com/jayway/jsonpath/json-path/2.9.0/json-path-2.9.0.jar:/Users/mac/.m2/repository/jakarta/xml/bind/jakarta.xml.bind-api/4.0.2/jakarta.xml.bind-api-4.0.2.jar:/Users/mac/.m2/repository/jakarta/activation/jakarta.activation-api/2.1.3/jakarta.activation-api-2.1.3.jar:/Users/mac/.m2/repository/net/minidev/json-smart/2.5.1/json-smart-2.5.1.jar:/Users/mac/.m2/repository/net/minidev/accessors-smart/2.5.1/accessors-smart-2.5.1.jar:/Users/mac/.m2/repository/org/ow2/asm/asm/9.6/asm-9.6.jar:/Users/mac/.m2/repository/org/assertj/assertj-core/3.25.3/assertj-core-3.25.3.jar:/Users/mac/.m2/repository/org/awaitility/awaitility/4.2.1/awaitility-4.2.1.jar:/Users/mac/.m2/repository/org/hamcrest/hamcrest/2.2/hamcrest-2.2.jar:/Users/mac/.m2/repository/org/junit/jupiter/junit-jupiter/5.10.2/junit-jupiter-5.10.2.jar:/Users/mac/.m2/repository/org/junit/jupiter/junit-jupiter-api/5.10.2/junit-jupiter-api-5.10.2.jar:/Users/mac/.m2/repository/org/opentest4j/opentest4j/1.3.0/opentest4j-1.3.0.jar:/Users/mac/.m2/repository/org/junit/platform/junit-platform-commons/1.10.2/junit-platform-commons-1.10.2.jar:/Users/mac/.m2/repository/org/apiguardian/apiguardian-api/1.1.2/apiguardian-api-1.1.2.jar:/Users/mac/.m2/repository/org/junit/jupiter/junit-jupiter-params/5.10.2/junit-jupiter-params-5.10.2.jar:/Users/mac/.m2/repository/org/junit/jupiter/junit-jupiter-engine/5.10.2/junit-jupiter-engine-5.10.2.jar:/Users/mac/.m2/repository/org/junit/platform/junit-platform-engine/1.10.2/junit-platform-engine-1.10.2.jar:/Users/mac/.m2/repository/org/mockito/mockito-core/5.11.0/mockito-core-5.11.0.jar:/Users/mac/.m2/repository/net/bytebuddy/byte-buddy-agent/1.14.16/byte-buddy-agent-1.14.16.jar:/Users/mac/.m2/repository/org/objenesis/objenesis/3.3/objenesis-3.3.jar:/Users/mac/.m2/repository/org/mockito/mockito-junit-jupiter/5.11.0/mockito-junit-jupiter-5.11.0.jar:/Users/mac/.m2/repository/org/skyscreamer/jsonassert/1.5.1/jsonassert-1.5.1.jar:/Users/mac/.m2/repository/com/vaadin/external/google/android-json/0.0.20131108.vaadin1/android-json-0.0.20131108.vaadin1.jar:/Users/mac/.m2/repository/org/springframework/spring-test/6.1.8/spring-test-6.1.8.jar:/Users/mac/.m2/repository/org/xmlunit/xmlunit-core/2.9.1/xmlunit-core-2.9.1.jar:"/>
    <property name="sun.cpu.endian" value="little"/>
    <property name="user.home" value="/Users/mac"/>
    <property name="user.language" value="en"/>
    <property name="java.specification.vendor" value="Oracle Corporation"/>
    <property name="java.version.date" value="2024-04-16"/>
    <property name="java.home" value="/usr/local/Cellar/openjdk/22.0.1/libexec/openjdk.jdk/Contents/Home"/>
    <property name="file.separator" value="/"/>
    <property name="basedir" value="/Users/mac/Downloads/HelloCash-App"/>
    <property name="java.vm.compressedOopsMode" value="Zero based"/>
    <property name="line.separator" value="&#10;"/>
    <property name="java.vm.specification.vendor" value="Oracle Corporation"/>
    <property name="java.specification.name" value="Java Platform API Specification"/>
    <property name="FILE_LOG_CHARSET" value="UTF-8"/>
    <property name="java.awt.headless" value="true"/>
    <property name="apple.awt.application.name" value="ForkedBooter"/>
    <property name="surefire.real.class.path" value="/Users/mac/Downloads/HelloCash-App/target/surefire/surefirebooter-20240708195938059_3.jar"/>
    <property name="sun.management.compiler" value="HotSpot 64-Bit Tiered Compilers"/>
    <property name="ftp.nonProxyHosts" value="local|*.local|169.254/16|*.169.254/16"/>
    <property name="java.runtime.version" value="22.0.1"/>
    <property name="user.name" value="mac"/>
    <property name="stdout.encoding" value="UTF-8"/>
    <property name="path.separator" value=":"/>
    <property name="os.version" value="12.7.2"/>
    <property name="java.runtime.name" value="OpenJDK Runtime Environment"/>
    <property name="file.encoding" value="UTF-8"/>
    <property name="java.vm.name" value="OpenJDK 64-Bit Server VM"/>
    <property name="java.vendor.version" value="Homebrew"/>
    <property name="localRepository" value="/Users/mac/.m2/repository"/>
    <property name="java.vendor.url.bug" value="https://github.com/Homebrew/homebrew-core/issues"/>
    <property name="java.io.tmpdir" value="/var/folders/7c/1jymmsfx0fn5rwypb199_vn80000gn/T/"/>
    <property name="com.zaxxer.hikari.pool_number" value="1"/>
    <property name="java.version" value="22.0.1"/>
    <property name="user.dir" value="/Users/mac/Downloads/HelloCash-App"/>
    <property name="os.arch" value="x86_64"/>
    <property name="java.vm.specification.name" value="Java Virtual Machine Specification"/>
    <property name="PID" value="31953"/>
    <property name="CONSOLE_LOG_CHARSET" value="UTF-8"/>
    <property name="native.encoding" value="UTF-8"/>
    <property name="java.library.path" value="/Users/mac/Library/Java/Extensions:/Library/Java/Extensions:/Network/Library/Java/Extensions:/System/Library/Java/Extensions:/usr/lib/java:."/>
    <property name="java.vm.info" value="mixed mode, sharing"/>
    <property name="stderr.encoding" value="UTF-8"/>
    <property name="java.vendor" value="Homebrew"/>
    <property name="java.vm.version" value="22.0.1"/>
    <property name="sun.io.unicode.encoding" value="UnicodeBig"/>
    <property name="socksNonProxyHosts" value="local|*.local|169.254/16|*.169.254/16"/>
    <property name="java.class.version" value="66.0"/>
    <property name="LOGGED_APPLICATION_NAME" value="[helloCash] "/>
  </properties>
  <testcase name="contextLoads" classname="com.helloCash.helloCash.HelloCashApplicationTests" time="1.115">
    <system-out><![CDATA[Standard Commons Logging discovery in action with spring-jcl: please remove commons-logging.jar from classpath in order to avoid potential conflicts
19:59:40.549 [main] INFO org.springframework.test.context.support.AnnotationConfigContextLoaderUtils -- Could not detect default configuration classes for test class [com.helloCash.helloCash.HelloCashApplicationTests]: HelloCashApplicationTests does not declare any static, non-private, non-final, nested classes annotated with @Configuration.
19:59:40.870 [main] INFO org.springframework.boot.test.context.SpringBootTestContextBootstrapper -- Found @SpringBootConfiguration com.helloCash.helloCash.HelloCashApplication for test class com.helloCash.helloCash.HelloCashApplicationTests
  .   ____          _            __ _ _
 /\\ / ___'_ __ _ _(_)_ __  __ _ \ \ \ \
( ( )\___ | '_ | '_| | '_ \/ _` | \ \ \ \
 \\/  ___)| |_)| | | | | || (_| |  ) ) ) )
  '  |____| .__|_| |_|_| |_\__, | / / / /
 =========|_|==============|___/=/_/_/_/

 :: Spring Boot ::                (v3.3.0)

2024-07-08T19:59:42.140+01:00  WARN 31953 --- [helloCash] [           main] ory$DuplicateJsonObjectContextCustomizer : 

Found multiple occurrences of org.json.JSONObject on the class path:

	jar:file:/Users/mac/.m2/repository/org/json/json/20240303/json-20240303.jar!/org/json/JSONObject.class
	jar:file:/Users/mac/.m2/repository/com/vaadin/external/google/android-json/0.0.20131108.vaadin1/android-json-0.0.20131108.vaadin1.jar!/org/json/JSONObject.class

You may wish to exclude one of them to ensure predictable runtime behavior

2024-07-08T19:59:42.202+01:00  INFO 31953 --- [helloCash] [           main] c.h.helloCash.HelloCashApplicationTests  : Starting HelloCashApplicationTests using Java 22.0.1 with PID 31953 (started by mac in /Users/mac/Downloads/HelloCash-App)
2024-07-08T19:59:42.204+01:00  INFO 31953 --- [helloCash] [           main] c.h.helloCash.HelloCashApplicationTests  : No active profile set, falling back to 1 default profile: "default"
2024-07-08T19:59:43.972+01:00  INFO 31953 --- [helloCash] [           main] .s.d.r.c.RepositoryConfigurationDelegate : Bootstrapping Spring Data JPA repositories in DEFAULT mode.
2024-07-08T19:59:44.120+01:00  INFO 31953 --- [helloCash] [           main] .s.d.r.c.RepositoryConfigurationDelegate : Finished Spring Data repository scanning in 124 ms. Found 2 JPA repository interfaces.
2024-07-08T19:59:45.233+01:00  INFO 31953 --- [helloCash] [           main] o.hibernate.jpa.internal.util.LogHelper  : HHH000204: Processing PersistenceUnitInfo [name: default]
2024-07-08T19:59:45.463+01:00  INFO 31953 --- [helloCash] [           main] org.hibernate.Version                    : HHH000412: Hibernate ORM core version 6.5.2.Final
2024-07-08T19:59:45.608+01:00  INFO 31953 --- [helloCash] [           main] o.h.c.internal.RegionFactoryInitiator    : HHH000026: Second-level cache disabled
2024-07-08T19:59:45.894+01:00 DEBUG 31953 --- [helloCash] [           main] org.hibernate.type.BasicTypeRegistry     : Adding type registration boolean -> org.hibernate.type.BasicTypeReference@19da993b
2024-07-08T19:59:45.894+01:00 DEBUG 31953 --- [helloCash] [           main] org.hibernate.type.BasicTypeRegistry     : Adding type registration boolean -> org.hibernate.type.BasicTypeReference@19da993b
2024-07-08T19:59:45.894+01:00 DEBUG 31953 --- [helloCash] [           main] org.hibernate.type.BasicTypeRegistry     : Adding type registration java.lang.Boolean -> org.hibernate.type.BasicTypeReference@19da993b
2024-07-08T19:59:45.895+01:00 DEBUG 31953 --- [helloCash] [           main] org.hibernate.type.BasicTypeRegistry     : Adding type registration numeric_boolean -> org.hibernate.type.BasicTypeReference@3380ca3d
2024-07-08T19:59:45.895+01:00 DEBUG 31953 --- [helloCash] [           main] org.hibernate.type.BasicTypeRegistry     : Adding type registration org.hibernate.type.NumericBooleanConverter -> org.hibernate.type.BasicTypeReference@3380ca3d
2024-07-08T19:59:45.895+01:00 DEBUG 31953 --- [helloCash] [           main] org.hibernate.type.BasicTypeRegistry     : Adding type registration true_false -> org.hibernate.type.BasicTypeReference@23310248
2024-07-08T19:59:45.895+01:00 DEBUG 31953 --- [helloCash] [           main] org.hibernate.type.BasicTypeRegistry     : Adding type registration org.hibernate.type.TrueFalseConverter -> org.hibernate.type.BasicTypeReference@23310248
2024-07-08T19:59:45.896+01:00 DEBUG 31953 --- [helloCash] [           main] org.hibernate.type.BasicTypeRegistry     : Adding type registration yes_no -> org.hibernate.type.BasicTypeReference@c2df90e
2024-07-08T19:59:45.896+01:00 DEBUG 31953 --- [helloCash] [           main] org.hibernate.type.BasicTypeRegistry     : Adding type registration org.hibernate.type.YesNoConverter -> org.hibernate.type.BasicTypeReference@c2df90e
2024-07-08T19:59:45.896+01:00 DEBUG 31953 --- [helloCash] [           main] org.hibernate.type.BasicTypeRegistry     : Adding type registration byte -> org.hibernate.type.BasicTypeReference@41f3aaf1
2024-07-08T19:59:45.896+01:00 DEBUG 31953 --- [helloCash] [           main] org.hibernate.type.BasicTypeRegistry     : Adding type registration byte -> org.hibernate.type.BasicTypeReference@41f3aaf1
2024-07-08T19:59:45.897+01:00 DEBUG 31953 --- [helloCash] [           main] org.hibernate.type.BasicTypeRegistry     : Adding type registration java.lang.Byte -> org.hibernate.type.BasicTypeReference@41f3aaf1
2024-07-08T19:59:45.897+01:00 DEBUG 31953 --- [helloCash] [           main] org.hibernate.type.BasicTypeRegistry     : Adding type registration binary -> org.hibernate.type.BasicTypeReference@741741d0
2024-07-08T19:59:45.897+01:00 DEBUG 31953 --- [helloCash] [           main] org.hibernate.type.BasicTypeRegistry     : Adding type registration byte[] -> org.hibernate.type.BasicTypeReference@741741d0
2024-07-08T19:59:45.897+01:00 DEBUG 31953 --- [helloCash] [           main] org.hibernate.type.BasicTypeRegistry     : Adding type registration [B -> org.hibernate.type.BasicTypeReference@741741d0
2024-07-08T19:59:45.898+01:00 DEBUG 31953 --- [helloCash] [           main] org.hibernate.type.BasicTypeRegistry     : Adding type registration binary_wrapper -> org.hibernate.type.BasicTypeReference@5f9f3e58
2024-07-08T19:59:45.898+01:00 DEBUG 31953 --- [helloCash] [           main] org.hibernate.type.BasicTypeRegistry     : Adding type registration wrapper-binary -> org.hibernate.type.BasicTypeReference@5f9f3e58
2024-07-08T19:59:45.899+01:00 DEBUG 31953 --- [helloCash] [           main] org.hibernate.type.BasicTypeRegistry     : Adding type registration image -> org.hibernate.type.BasicTypeReference@3c19592c
2024-07-08T19:59:45.899+01:00 DEBUG 31953 --- [helloCash] [           main] org.hibernate.type.BasicTypeRegistry     : Adding type registration blob -> org.hibernate.type.BasicTypeReference@60e1d87c
2024-07-08T19:59:45.899+01:00 DEBUG 31953 --- [helloCash] [           main] org.hibernate.type.BasicTypeRegistry     : Adding type registration java.sql.Blob -> org.hibernate.type.BasicTypeReference@60e1d87c
2024-07-08T19:59:45.899+01:00 DEBUG 31953 --- [helloCash] [           main] org.hibernate.type.BasicTypeRegistry     : Adding type registration materialized_blob -> org.hibernate.type.BasicTypeReference@2eb60c71
2024-07-08T19:59:45.899+01:00 DEBUG 31953 --- [helloCash] [           main] org.hibernate.type.BasicTypeRegistry     : Adding type registration materialized_blob_wrapper -> org.hibernate.type.BasicTypeReference@87d9a01
2024-07-08T19:59:45.900+01:00 DEBUG 31953 --- [helloCash] [           main] org.hibernate.type.BasicTypeRegistry     : Adding type registration short -> org.hibernate.type.BasicTypeReference@7e5b621b
2024-07-08T19:59:45.900+01:00 DEBUG 31953 --- [helloCash] [           main] org.hibernate.type.BasicTypeRegistry     : Adding type registration short -> org.hibernate.type.BasicTypeReference@7e5b621b
2024-07-08T19:59:45.900+01:00 DEBUG 31953 --- [helloCash] [           main] org.hibernate.type.BasicTypeRegistry     : Adding type registration java.lang.Short -> org.hibernate.type.BasicTypeReference@7e5b621b
2024-07-08T19:59:45.900+01:00 DEBUG 31953 --- [helloCash] [           main] org.hibernate.type.BasicTypeRegistry     : Adding type registration integer -> org.hibernate.type.BasicTypeReference@10177794
2024-07-08T19:59:45.900+01:00 DEBUG 31953 --- [helloCash] [           main] org.hibernate.type.BasicTypeRegistry     : Adding type registration int -> org.hibernate.type.BasicTypeReference@10177794
2024-07-08T19:59:45.900+01:00 DEBUG 31953 --- [helloCash] [           main] org.hibernate.type.BasicTypeRegistry     : Adding type registration java.lang.Integer -> org.hibernate.type.BasicTypeReference@10177794
2024-07-08T19:59:45.901+01:00 DEBUG 31953 --- [helloCash] [           main] org.hibernate.type.BasicTypeRegistry     : Adding type registration long -> org.hibernate.type.BasicTypeReference@e5c2463
2024-07-08T19:59:45.901+01:00 DEBUG 31953 --- [helloCash] [           main] org.hibernate.type.BasicTypeRegistry     : Adding type registration long -> org.hibernate.type.BasicTypeReference@e5c2463
2024-07-08T19:59:45.901+01:00 DEBUG 31953 --- [helloCash] [           main] org.hibernate.type.BasicTypeRegistry     : Adding type registration java.lang.Long -> org.hibernate.type.BasicTypeReference@e5c2463
2024-07-08T19:59:45.901+01:00 DEBUG 31953 --- [helloCash] [           main] org.hibernate.type.BasicTypeRegistry     : Adding type registration float -> org.hibernate.type.BasicTypeReference@6a950a3b
2024-07-08T19:59:45.901+01:00 DEBUG 31953 --- [helloCash] [           main] org.hibernate.type.BasicTypeRegistry     : Adding type registration float -> org.hibernate.type.BasicTypeReference@6a950a3b
2024-07-08T19:59:45.902+01:00 DEBUG 31953 --- [helloCash] [           main] org.hibernate.type.BasicTypeRegistry     : Adding type registration java.lang.Float -> org.hibernate.type.BasicTypeReference@6a950a3b
2024-07-08T19:59:45.902+01:00 DEBUG 31953 --- [helloCash] [           main] org.hibernate.type.BasicTypeRegistry     : Adding type registration double -> org.hibernate.type.BasicTypeReference@4f7be6c8
2024-07-08T19:59:45.902+01:00 DEBUG 31953 --- [helloCash] [           main] org.hibernate.type.BasicTypeRegistry     : Adding type registration double -> org.hibernate.type.BasicTypeReference@4f7be6c8
2024-07-08T19:59:45.903+01:00 DEBUG 31953 --- [helloCash] [           main] org.hibernate.type.BasicTypeRegistry     : Adding type registration java.lang.Double -> org.hibernate.type.BasicTypeReference@4f7be6c8
2024-07-08T19:59:45.903+01:00 DEBUG 31953 --- [helloCash] [           main] org.hibernate.type.BasicTypeRegistry     : Adding type registration big_integer -> org.hibernate.type.BasicTypeReference@647b9364
2024-07-08T19:59:45.903+01:00 DEBUG 31953 --- [helloCash] [           main] org.hibernate.type.BasicTypeRegistry     : Adding type registration java.math.BigInteger -> org.hibernate.type.BasicTypeReference@647b9364
2024-07-08T19:59:45.904+01:00 DEBUG 31953 --- [helloCash] [           main] org.hibernate.type.BasicTypeRegistry     : Adding type registration big_decimal -> org.hibernate.type.BasicTypeReference@b6bccb4
2024-07-08T19:59:45.904+01:00 DEBUG 31953 --- [helloCash] [           main] org.hibernate.type.BasicTypeRegistry     : Adding type registration java.math.BigDecimal -> org.hibernate.type.BasicTypeReference@b6bccb4
2024-07-08T19:59:45.904+01:00 DEBUG 31953 --- [helloCash] [           main] org.hibernate.type.BasicTypeRegistry     : Adding type registration character -> org.hibernate.type.BasicTypeReference@49edcb30
2024-07-08T19:59:45.904+01:00 DEBUG 31953 --- [helloCash] [           main] org.hibernate.type.BasicTypeRegistry     : Adding type registration char -> org.hibernate.type.BasicTypeReference@49edcb30
2024-07-08T19:59:45.904+01:00 DEBUG 31953 --- [helloCash] [           main] org.hibernate.type.BasicTypeRegistry     : Adding type registration java.lang.Character -> org.hibernate.type.BasicTypeReference@49edcb30
2024-07-08T19:59:45.904+01:00 DEBUG 31953 --- [helloCash] [           main] org.hibernate.type.BasicTypeRegistry     : Adding type registration character_nchar -> org.hibernate.type.BasicTypeReference@59303963
2024-07-08T19:59:45.904+01:00 DEBUG 31953 --- [helloCash] [           main] org.hibernate.type.BasicTypeRegistry     : Adding type registration string -> org.hibernate.type.BasicTypeReference@61e86192
2024-07-08T19:59:45.905+01:00 DEBUG 31953 --- [helloCash] [           main] org.hibernate.type.BasicTypeRegistry     : Adding type registration java.lang.String -> org.hibernate.type.BasicTypeReference@61e86192
2024-07-08T19:59:45.905+01:00 DEBUG 31953 --- [helloCash] [           main] org.hibernate.type.BasicTypeRegistry     : Adding type registration nstring -> org.hibernate.type.BasicTypeReference@34330f77
2024-07-08T19:59:45.905+01:00 DEBUG 31953 --- [helloCash] [           main] org.hibernate.type.BasicTypeRegistry     : Adding type registration characters -> org.hibernate.type.BasicTypeReference@1320e68a
2024-07-08T19:59:45.905+01:00 DEBUG 31953 --- [helloCash] [           main] org.hibernate.type.BasicTypeRegistry     : Adding type registration char[] -> org.hibernate.type.BasicTypeReference@1320e68a
2024-07-08T19:59:45.905+01:00 DEBUG 31953 --- [helloCash] [           main] org.hibernate.type.BasicTypeRegistry     : Adding type registration [C -> org.hibernate.type.BasicTypeReference@1320e68a
2024-07-08T19:59:45.906+01:00 DEBUG 31953 --- [helloCash] [           main] org.hibernate.type.BasicTypeRegistry     : Adding type registration wrapper-characters -> org.hibernate.type.BasicTypeReference@4b033eac
2024-07-08T19:59:45.906+01:00 DEBUG 31953 --- [helloCash] [           main] org.hibernate.type.BasicTypeRegistry     : Adding type registration text -> org.hibernate.type.BasicTypeReference@69c532af
2024-07-08T19:59:45.906+01:00 DEBUG 31953 --- [helloCash] [           main] org.hibernate.type.BasicTypeRegistry     : Adding type registration ntext -> org.hibernate.type.BasicTypeReference@45a1d057
2024-07-08T19:59:45.906+01:00 DEBUG 31953 --- [helloCash] [           main] org.hibernate.type.BasicTypeRegistry     : Adding type registration clob -> org.hibernate.type.BasicTypeReference@51a16adf
2024-07-08T19:59:45.906+01:00 DEBUG 31953 --- [helloCash] [           main] org.hibernate.type.BasicTypeRegistry     : Adding type registration java.sql.Clob -> org.hibernate.type.BasicTypeReference@51a16adf
2024-07-08T19:59:45.907+01:00 DEBUG 31953 --- [helloCash] [           main] org.hibernate.type.BasicTypeRegistry     : Adding type registration nclob -> org.hibernate.type.BasicTypeReference@385d819
2024-07-08T19:59:45.907+01:00 DEBUG 31953 --- [helloCash] [           main] org.hibernate.type.BasicTypeRegistry     : Adding type registration java.sql.NClob -> org.hibernate.type.BasicTypeReference@385d819
2024-07-08T19:59:45.907+01:00 DEBUG 31953 --- [helloCash] [           main] org.hibernate.type.BasicTypeRegistry     : Adding type registration materialized_clob -> org.hibernate.type.BasicTypeReference@4315c28c
2024-07-08T19:59:45.907+01:00 DEBUG 31953 --- [helloCash] [           main] org.hibernate.type.BasicTypeRegistry     : Adding type registration materialized_clob_char_array -> org.hibernate.type.BasicTypeReference@8fd91d1
2024-07-08T19:59:45.908+01:00 DEBUG 31953 --- [helloCash] [           main] org.hibernate.type.BasicTypeRegistry     : Adding type registration materialized_clob_character_array -> org.hibernate.type.BasicTypeReference@52d0f583
2024-07-08T19:59:45.908+01:00 DEBUG 31953 --- [helloCash] [           main] org.hibernate.type.BasicTypeRegistry     : Adding type registration materialized_nclob -> org.hibernate.type.BasicTypeReference@7fb8bad0
2024-07-08T19:59:45.909+01:00 DEBUG 31953 --- [helloCash] [           main] org.hibernate.type.BasicTypeRegistry     : Adding type registration materialized_nclob_character_array -> org.hibernate.type.BasicTypeReference@12d40609
2024-07-08T19:59:45.909+01:00 DEBUG 31953 --- [helloCash] [           main] org.hibernate.type.BasicTypeRegistry     : Adding type registration materialized_nclob_char_array -> org.hibernate.type.BasicTypeReference@76437e9b
2024-07-08T19:59:45.909+01:00 DEBUG 31953 --- [helloCash] [           main] org.hibernate.type.BasicTypeRegistry     : Adding type registration Duration -> org.hibernate.type.BasicTypeReference@236ae13d
2024-07-08T19:59:45.909+01:00 DEBUG 31953 --- [helloCash] [           main] org.hibernate.type.BasicTypeRegistry     : Adding type registration java.time.Duration -> org.hibernate.type.BasicTypeReference@236ae13d
2024-07-08T19:59:45.909+01:00 DEBUG 31953 --- [helloCash] [           main] org.hibernate.type.BasicTypeRegistry     : Adding type registration LocalDateTime -> org.hibernate.type.BasicTypeReference@193eb1ba
2024-07-08T19:59:45.909+01:00 DEBUG 31953 --- [helloCash] [           main] org.hibernate.type.BasicTypeRegistry     : Adding type registration java.time.LocalDateTime -> org.hibernate.type.BasicTypeReference@193eb1ba
2024-07-08T19:59:45.910+01:00 DEBUG 31953 --- [helloCash] [           main] org.hibernate.type.BasicTypeRegistry     : Adding type registration LocalDate -> org.hibernate.type.BasicTypeReference@2be818da
2024-07-08T19:59:45.910+01:00 DEBUG 31953 --- [helloCash] [           main] org.hibernate.type.BasicTypeRegistry     : Adding type registration java.time.LocalDate -> org.hibernate.type.BasicTypeReference@2be818da
2024-07-08T19:59:45.910+01:00 DEBUG 31953 --- [helloCash] [           main] org.hibernate.type.BasicTypeRegistry     : Adding type registration LocalTime -> org.hibernate.type.BasicTypeReference@46320c9a
2024-07-08T19:59:45.910+01:00 DEBUG 31953 --- [helloCash] [           main] org.hibernate.type.BasicTypeRegistry     : Adding type registration java.time.LocalTime -> org.hibernate.type.BasicTypeReference@46320c9a
2024-07-08T19:59:45.910+01:00 DEBUG 31953 --- [helloCash] [           main] org.hibernate.type.BasicTypeRegistry     : Adding type registration OffsetDateTime -> org.hibernate.type.BasicTypeReference@32256e68
2024-07-08T19:59:45.911+01:00 DEBUG 31953 --- [helloCash] [           main] org.hibernate.type.BasicTypeRegistry     : Adding type registration java.time.OffsetDateTime -> org.hibernate.type.BasicTypeReference@32256e68
2024-07-08T19:59:45.911+01:00 DEBUG 31953 --- [helloCash] [           main] org.hibernate.type.BasicTypeRegistry     : Adding type registration OffsetDateTimeWithTimezone -> org.hibernate.type.BasicTypeReference@5e7abaf7
2024-07-08T19:59:45.911+01:00 DEBUG 31953 --- [helloCash] [           main] org.hibernate.type.BasicTypeRegistry     : Adding type registration OffsetDateTimeWithoutTimezone -> org.hibernate.type.BasicTypeReference@353f472a
2024-07-08T19:59:45.911+01:00 DEBUG 31953 --- [helloCash] [           main] org.hibernate.type.BasicTypeRegistry     : Adding type registration OffsetTime -> org.hibernate.type.BasicTypeReference@63bfdbcb
2024-07-08T19:59:45.911+01:00 DEBUG 31953 --- [helloCash] [           main] org.hibernate.type.BasicTypeRegistry     : Adding type registration java.time.OffsetTime -> org.hibernate.type.BasicTypeReference@63bfdbcb
2024-07-08T19:59:45.911+01:00 DEBUG 31953 --- [helloCash] [           main] org.hibernate.type.BasicTypeRegistry     : Adding type registration OffsetTimeUtc -> org.hibernate.type.BasicTypeReference@7af0affa
2024-07-08T19:59:45.912+01:00 DEBUG 31953 --- [helloCash] [           main] org.hibernate.type.BasicTypeRegistry     : Adding type registration OffsetTimeWithTimezone -> org.hibernate.type.BasicTypeReference@71560f51
2024-07-08T19:59:45.912+01:00 DEBUG 31953 --- [helloCash] [           main] org.hibernate.type.BasicTypeRegistry     : Adding type registration OffsetTimeWithoutTimezone -> org.hibernate.type.BasicTypeReference@3e1f1046
2024-07-08T19:59:45.912+01:00 DEBUG 31953 --- [helloCash] [           main] org.hibernate.type.BasicTypeRegistry     : Adding type registration ZonedDateTime -> org.hibernate.type.BasicTypeReference@23e3f5cd
2024-07-08T19:59:45.912+01:00 DEBUG 31953 --- [helloCash] [           main] org.hibernate.type.BasicTypeRegistry     : Adding type registration java.time.ZonedDateTime -> org.hibernate.type.BasicTypeReference@23e3f5cd
2024-07-08T19:59:45.912+01:00 DEBUG 31953 --- [helloCash] [           main] org.hibernate.type.BasicTypeRegistry     : Adding type registration ZonedDateTimeWithTimezone -> org.hibernate.type.BasicTypeReference@5c931134
2024-07-08T19:59:45.913+01:00 DEBUG 31953 --- [helloCash] [           main] org.hibernate.type.BasicTypeRegistry     : Adding type registration ZonedDateTimeWithoutTimezone -> org.hibernate.type.BasicTypeReference@1d7eb170
2024-07-08T19:59:45.913+01:00 DEBUG 31953 --- [helloCash] [           main] org.hibernate.type.BasicTypeRegistry     : Adding type registration date -> org.hibernate.type.BasicTypeReference@5b251fb9
2024-07-08T19:59:45.913+01:00 DEBUG 31953 --- [helloCash] [           main] org.hibernate.type.BasicTypeRegistry     : Adding type registration java.sql.Date -> org.hibernate.type.BasicTypeReference@5b251fb9
2024-07-08T19:59:45.913+01:00 DEBUG 31953 --- [helloCash] [           main] org.hibernate.type.BasicTypeRegistry     : Adding type registration time -> org.hibernate.type.BasicTypeReference@67d4c48d
2024-07-08T19:59:45.914+01:00 DEBUG 31953 --- [helloCash] [           main] org.hibernate.type.BasicTypeRegistry     : Adding type registration java.sql.Time -> org.hibernate.type.BasicTypeReference@67d4c48d
2024-07-08T19:59:45.914+01:00 DEBUG 31953 --- [helloCash] [           main] org.hibernate.type.BasicTypeRegistry     : Adding type registration timestamp -> org.hibernate.type.BasicTypeReference@230a73f2
2024-07-08T19:59:45.914+01:00 DEBUG 31953 --- [helloCash] [           main] org.hibernate.type.BasicTypeRegistry     : Adding type registration java.sql.Timestamp -> org.hibernate.type.BasicTypeReference@230a73f2
2024-07-08T19:59:45.915+01:00 DEBUG 31953 --- [helloCash] [           main] org.hibernate.type.BasicTypeRegistry     : Adding type registration java.util.Date -> org.hibernate.type.BasicTypeReference@230a73f2
2024-07-08T19:59:45.915+01:00 DEBUG 31953 --- [helloCash] [           main] org.hibernate.type.BasicTypeRegistry     : Adding type registration calendar -> org.hibernate.type.BasicTypeReference@4b97b3d2
2024-07-08T19:59:45.915+01:00 DEBUG 31953 --- [helloCash] [           main] org.hibernate.type.BasicTypeRegistry     : Adding type registration java.util.Calendar -> org.hibernate.type.BasicTypeReference@4b97b3d2
2024-07-08T19:59:45.915+01:00 DEBUG 31953 --- [helloCash] [           main] org.hibernate.type.BasicTypeRegistry     : Adding type registration java.util.GregorianCalendar -> org.hibernate.type.BasicTypeReference@4b97b3d2
2024-07-08T19:59:45.915+01:00 DEBUG 31953 --- [helloCash] [           main] org.hibernate.type.BasicTypeRegistry     : Adding type registration calendar_date -> org.hibernate.type.BasicTypeReference@383cb5ce
2024-07-08T19:59:45.915+01:00 DEBUG 31953 --- [helloCash] [           main] org.hibernate.type.BasicTypeRegistry     : Adding type registration calendar_time -> org.hibernate.type.BasicTypeReference@798deee8
2024-07-08T19:59:45.915+01:00 DEBUG 31953 --- [helloCash] [           main] org.hibernate.type.BasicTypeRegistry     : Adding type registration instant -> org.hibernate.type.BasicTypeReference@96897c8
2024-07-08T19:59:45.916+01:00 DEBUG 31953 --- [helloCash] [           main] org.hibernate.type.BasicTypeRegistry     : Adding type registration java.time.Instant -> org.hibernate.type.BasicTypeReference@96897c8
2024-07-08T19:59:45.916+01:00 DEBUG 31953 --- [helloCash] [           main] org.hibernate.type.BasicTypeRegistry     : Adding type registration uuid -> org.hibernate.type.BasicTypeReference@7f97bc14
2024-07-08T19:59:45.916+01:00 DEBUG 31953 --- [helloCash] [           main] org.hibernate.type.BasicTypeRegistry     : Adding type registration java.util.UUID -> org.hibernate.type.BasicTypeReference@7f97bc14
2024-07-08T19:59:45.916+01:00 DEBUG 31953 --- [helloCash] [           main] org.hibernate.type.BasicTypeRegistry     : Adding type registration pg-uuid -> org.hibernate.type.BasicTypeReference@7f97bc14
2024-07-08T19:59:45.916+01:00 DEBUG 31953 --- [helloCash] [           main] org.hibernate.type.BasicTypeRegistry     : Adding type registration uuid-binary -> org.hibernate.type.BasicTypeReference@22d8f4ed
2024-07-08T19:59:45.916+01:00 DEBUG 31953 --- [helloCash] [           main] org.hibernate.type.BasicTypeRegistry     : Adding type registration uuid-char -> org.hibernate.type.BasicTypeReference@3434a4f0
2024-07-08T19:59:45.917+01:00 DEBUG 31953 --- [helloCash] [           main] org.hibernate.type.BasicTypeRegistry     : Adding type registration class -> org.hibernate.type.BasicTypeReference@79afa369
2024-07-08T19:59:45.917+01:00 DEBUG 31953 --- [helloCash] [           main] org.hibernate.type.BasicTypeRegistry     : Adding type registration java.lang.Class -> org.hibernate.type.BasicTypeReference@79afa369
2024-07-08T19:59:45.918+01:00 DEBUG 31953 --- [helloCash] [           main] org.hibernate.type.BasicTypeRegistry     : Adding type registration currency -> org.hibernate.type.BasicTypeReference@3b9ac754
2024-07-08T19:59:45.918+01:00 DEBUG 31953 --- [helloCash] [           main] org.hibernate.type.BasicTypeRegistry     : Adding type registration Currency -> org.hibernate.type.BasicTypeReference@3b9ac754
2024-07-08T19:59:45.919+01:00 DEBUG 31953 --- [helloCash] [           main] org.hibernate.type.BasicTypeRegistry     : Adding type registration java.util.Currency -> org.hibernate.type.BasicTypeReference@3b9ac754
2024-07-08T19:59:45.919+01:00 DEBUG 31953 --- [helloCash] [           main] org.hibernate.type.BasicTypeRegistry     : Adding type registration locale -> org.hibernate.type.BasicTypeReference@5e002356
2024-07-08T19:59:45.919+01:00 DEBUG 31953 --- [helloCash] [           main] org.hibernate.type.BasicTypeRegistry     : Adding type registration java.util.Locale -> org.hibernate.type.BasicTypeReference@5e002356
2024-07-08T19:59:45.919+01:00 DEBUG 31953 --- [helloCash] [           main] org.hibernate.type.BasicTypeRegistry     : Adding type registration serializable -> org.hibernate.type.BasicTypeReference@4f820f42
2024-07-08T19:59:45.919+01:00 DEBUG 31953 --- [helloCash] [           main] org.hibernate.type.BasicTypeRegistry     : Adding type registration java.io.Serializable -> org.hibernate.type.BasicTypeReference@4f820f42
2024-07-08T19:59:45.920+01:00 DEBUG 31953 --- [helloCash] [           main] org.hibernate.type.BasicTypeRegistry     : Adding type registration timezone -> org.hibernate.type.BasicTypeReference@4b325930
2024-07-08T19:59:45.920+01:00 DEBUG 31953 --- [helloCash] [           main] org.hibernate.type.BasicTypeRegistry     : Adding type registration java.util.TimeZone -> org.hibernate.type.BasicTypeReference@4b325930
2024-07-08T19:59:45.920+01:00 DEBUG 31953 --- [helloCash] [           main] org.hibernate.type.BasicTypeRegistry     : Adding type registration ZoneOffset -> org.hibernate.type.BasicTypeReference@267f9765
2024-07-08T19:59:45.920+01:00 DEBUG 31953 --- [helloCash] [           main] org.hibernate.type.BasicTypeRegistry     : Adding type registration java.time.ZoneOffset -> org.hibernate.type.BasicTypeReference@267f9765
2024-07-08T19:59:45.920+01:00 DEBUG 31953 --- [helloCash] [           main] org.hibernate.type.BasicTypeRegistry     : Adding type registration url -> org.hibernate.type.BasicTypeReference@79ba0a6f
2024-07-08T19:59:45.921+01:00 DEBUG 31953 --- [helloCash] [           main] org.hibernate.type.BasicTypeRegistry     : Adding type registration java.net.URL -> org.hibernate.type.BasicTypeReference@79ba0a6f
2024-07-08T19:59:45.921+01:00 DEBUG 31953 --- [helloCash] [           main] org.hibernate.type.BasicTypeRegistry     : Adding type registration vector -> org.hibernate.type.BasicTypeReference@261de205
2024-07-08T19:59:45.921+01:00 DEBUG 31953 --- [helloCash] [           main] org.hibernate.type.BasicTypeRegistry     : Adding type registration row_version -> org.hibernate.type.BasicTypeReference@7f3fc42f
2024-07-08T19:59:45.930+01:00 DEBUG 31953 --- [helloCash] [           main] org.hibernate.type.BasicTypeRegistry     : Adding type registration object -> org.hibernate.type.JavaObjectType@3ca14cf4
2024-07-08T19:59:45.930+01:00 DEBUG 31953 --- [helloCash] [           main] org.hibernate.type.BasicTypeRegistry     : Adding type registration java.lang.Object -> org.hibernate.type.JavaObjectType@3ca14cf4
2024-07-08T19:59:45.931+01:00 DEBUG 31953 --- [helloCash] [           main] org.hibernate.type.BasicTypeRegistry     : Adding type registration null -> org.hibernate.type.NullType@6097fca9
2024-07-08T19:59:45.932+01:00 DEBUG 31953 --- [helloCash] [           main] org.hibernate.type.BasicTypeRegistry     : Adding type registration imm_date -> org.hibernate.type.BasicTypeReference@35eee641
2024-07-08T19:59:45.933+01:00 DEBUG 31953 --- [helloCash] [           main] org.hibernate.type.BasicTypeRegistry     : Adding type registration imm_time -> org.hibernate.type.BasicTypeReference@64518270
2024-07-08T19:59:45.933+01:00 DEBUG 31953 --- [helloCash] [           main] org.hibernate.type.BasicTypeRegistry     : Adding type registration imm_timestamp -> org.hibernate.type.BasicTypeReference@3b7c58e7
2024-07-08T19:59:45.933+01:00 DEBUG 31953 --- [helloCash] [           main] org.hibernate.type.BasicTypeRegistry     : Adding type registration imm_calendar -> org.hibernate.type.BasicTypeReference@79627d27
2024-07-08T19:59:45.933+01:00 DEBUG 31953 --- [helloCash] [           main] org.hibernate.type.BasicTypeRegistry     : Adding type registration imm_calendar_date -> org.hibernate.type.BasicTypeReference@6371cf2f
2024-07-08T19:59:45.933+01:00 DEBUG 31953 --- [helloCash] [           main] org.hibernate.type.BasicTypeRegistry     : Adding type registration imm_calendar_time -> org.hibernate.type.BasicTypeReference@b5b9333
2024-07-08T19:59:45.933+01:00 DEBUG 31953 --- [helloCash] [           main] org.hibernate.type.BasicTypeRegistry     : Adding type registration imm_binary -> org.hibernate.type.BasicTypeReference@52b959df
2024-07-08T19:59:45.934+01:00 DEBUG 31953 --- [helloCash] [           main] org.hibernate.type.BasicTypeRegistry     : Adding type registration imm_serializable -> org.hibernate.type.BasicTypeReference@38588dea
2024-07-08T19:59:46.674+01:00  INFO 31953 --- [helloCash] [           main] o.s.o.j.p.SpringPersistenceUnitInfo      : No LoadTimeWeaver setup: ignoring JPA class transformer
2024-07-08T19:59:46.741+01:00  INFO 31953 --- [helloCash] [           main] com.zaxxer.hikari.HikariDataSource       : HikariPool-1 - Starting...
2024-07-08T19:59:47.256+01:00  INFO 31953 --- [helloCash] [           main] com.zaxxer.hikari.pool.HikariPool        : HikariPool-1 - Added connection org.postgresql.jdbc.PgConnection@668a32a4
2024-07-08T19:59:47.258+01:00  INFO 31953 --- [helloCash] [           main] com.zaxxer.hikari.HikariDataSource       : HikariPool-1 - Start completed.
2024-07-08T19:59:47.420+01:00  WARN 31953 --- [helloCash] [           main] org.hibernate.orm.deprecation            : HHH90000025: PostgreSQLDialect does not need to be specified explicitly using 'hibernate.dialect' (remove the property setting and it will be selected by default)
2024-07-08T19:59:47.504+01:00 DEBUG 31953 --- [helloCash] [           main] o.h.t.d.sql.spi.DdlTypeRegistry          : addDescriptor(2003, org.hibernate.type.descriptor.sql.internal.ArrayDdlTypeImpl@13cc31ae) replaced previous registration(org.hibernate.type.descriptor.sql.internal.ArrayDdlTypeImpl@5bb7a59)
2024-07-08T19:59:47.505+01:00 DEBUG 31953 --- [helloCash] [           main] o.h.t.d.sql.spi.DdlTypeRegistry          : addDescriptor(6, org.hibernate.type.descriptor.sql.internal.CapacityDependentDdlType@4bfa5eb9) replaced previous registration(org.hibernate.type.descriptor.sql.internal.DdlTypeImpl@2a2b7a35)
2024-07-08T19:59:47.513+01:00 DEBUG 31953 --- [helloCash] [           main] o.h.t.d.jdbc.spi.JdbcTypeRegistry        : addDescriptor(2004, BlobTypeDescriptor(BLOB_BINDING)) replaced previous registration(BlobTypeDescriptor(DEFAULT))
2024-07-08T19:59:47.514+01:00 DEBUG 31953 --- [helloCash] [           main] o.h.t.d.jdbc.spi.JdbcTypeRegistry        : addDescriptor(2005, ClobTypeDescriptor(CLOB_BINDING)) replaced previous registration(ClobTypeDescriptor(DEFAULT))
2024-07-08T19:59:47.547+01:00 DEBUG 31953 --- [helloCash] [           main] org.hibernate.type.BasicTypeRegistry     : Adding type registration JAVA_OBJECT -> org.hibernate.type.JavaObjectType@38d525aa
2024-07-08T19:59:47.547+01:00 DEBUG 31953 --- [helloCash] [           main] org.hibernate.type.BasicTypeRegistry     : Adding type registration java.lang.Object -> org.hibernate.type.JavaObjectType@38d525aa
2024-07-08T19:59:47.547+01:00 DEBUG 31953 --- [helloCash] [           main] org.hibernate.type.BasicTypeRegistry     : Type registration key [java.lang.Object] overrode previous entry : `org.hibernate.type.JavaObjectType@3ca14cf4`
2024-07-08T19:59:47.573+01:00 DEBUG 31953 --- [helloCash] [           main] org.hibernate.type.BasicTypeRegistry     : Adding type registration org.hibernate.type.DurationType -> basicType@1(java.time.Duration,3015)
2024-07-08T19:59:47.574+01:00 DEBUG 31953 --- [helloCash] [           main] org.hibernate.type.BasicTypeRegistry     : Adding type registration Duration -> basicType@1(java.time.Duration,3015)
2024-07-08T19:59:47.574+01:00 DEBUG 31953 --- [helloCash] [           main] org.hibernate.type.BasicTypeRegistry     : Adding type registration java.time.Duration -> basicType@1(java.time.Duration,3015)
2024-07-08T19:59:47.584+01:00 DEBUG 31953 --- [helloCash] [           main] org.hibernate.type.BasicTypeRegistry     : Adding type registration org.hibernate.type.OffsetDateTimeType -> basicType@2(java.time.OffsetDateTime,3003)
2024-07-08T19:59:47.584+01:00 DEBUG 31953 --- [helloCash] [           main] org.hibernate.type.BasicTypeRegistry     : Adding type registration OffsetDateTime -> basicType@2(java.time.OffsetDateTime,3003)
2024-07-08T19:59:47.584+01:00 DEBUG 31953 --- [helloCash] [           main] org.hibernate.type.BasicTypeRegistry     : Adding type registration java.time.OffsetDateTime -> basicType@2(java.time.OffsetDateTime,3003)
2024-07-08T19:59:47.585+01:00 DEBUG 31953 --- [helloCash] [           main] org.hibernate.type.BasicTypeRegistry     : Adding type registration org.hibernate.type.ZonedDateTimeType -> basicType@3(java.time.ZonedDateTime,3003)
2024-07-08T19:59:47.585+01:00 DEBUG 31953 --- [helloCash] [           main] org.hibernate.type.BasicTypeRegistry     : Adding type registration ZonedDateTime -> basicType@3(java.time.ZonedDateTime,3003)
2024-07-08T19:59:47.585+01:00 DEBUG 31953 --- [helloCash] [           main] org.hibernate.type.BasicTypeRegistry     : Adding type registration java.time.ZonedDateTime -> basicType@3(java.time.ZonedDateTime,3003)
2024-07-08T19:59:47.588+01:00 DEBUG 31953 --- [helloCash] [           main] org.hibernate.type.BasicTypeRegistry     : Adding type registration org.hibernate.type.OffsetTimeType -> basicType@4(java.time.OffsetTime,3007)
2024-07-08T19:59:47.588+01:00 DEBUG 31953 --- [helloCash] [           main] org.hibernate.type.BasicTypeRegistry     : Adding type registration OffsetTime -> basicType@4(java.time.OffsetTime,3007)
2024-07-08T19:59:47.588+01:00 DEBUG 31953 --- [helloCash] [           main] org.hibernate.type.BasicTypeRegistry     : Adding type registration java.time.OffsetTime -> basicType@4(java.time.OffsetTime,3007)
2024-07-08T19:59:47.593+01:00 DEBUG 31953 --- [helloCash] [           main] o.h.type.spi.TypeConfiguration$Scope     : Scoping TypeConfiguration [org.hibernate.type.spi.TypeConfiguration@7d61468c] to MetadataBuildingContext [org.hibernate.boot.internal.MetadataBuildingContextRootImpl@45796b2a]
2024-07-08T19:59:49.997+01:00  INFO 31953 --- [helloCash] [           main] o.h.e.t.j.p.i.JtaPlatformInitiator       : HHH000489: No JTA platform available (set 'hibernate.transaction.jta.platform' to enable JTA platform integration)
2024-07-08T19:59:49.999+01:00 DEBUG 31953 --- [helloCash] [           main] o.h.type.spi.TypeConfiguration$Scope     : Scoping TypeConfiguration [org.hibernate.type.spi.TypeConfiguration@7d61468c] to SessionFactoryImplementor [org.hibernate.internal.SessionFactoryImpl@1f3aa970]
2024-07-08T19:59:50.090+01:00 TRACE 31953 --- [helloCash] [           main] o.h.type.spi.TypeConfiguration$Scope     : Handling #sessionFactoryCreated from [org.hibernate.internal.SessionFactoryImpl@1f3aa970] for TypeConfiguration
2024-07-08T19:59:50.091+01:00  INFO 31953 --- [helloCash] [           main] j.LocalContainerEntityManagerFactoryBean : Initialized JPA EntityManagerFactory for persistence unit 'default'
2024-07-08T19:59:51.118+01:00  WARN 31953 --- [helloCash] [           main] JpaBaseConfiguration$JpaWebConfiguration : spring.jpa.open-in-view is enabled by default. Therefore, database queries may be performed during view rendering. Explicitly configure spring.jpa.open-in-view to disable this warning
2024-07-08T19:59:52.036+01:00  INFO 31953 --- [helloCash] [           main] c.h.helloCash.HelloCashApplicationTests  : Started HelloCashApplicationTests in 10.654 seconds (process running for 13.64)
]]></system-out>
    <system-err><![CDATA[java.net.BindException: Address already in use
	at java.base/sun.nio.ch.Net.bind0(Native Method)
	at java.base/sun.nio.ch.Net.bind(Net.java:565)
	at java.base/sun.nio.ch.Net.bind(Net.java:554)
	at java.base/sun.nio.ch.NioSocketImpl.bind(NioSocketImpl.java:636)
	at java.base/java.net.ServerSocket.bind(ServerSocket.java:390)
	at java.base/java.net.ServerSocket.<init>(ServerSocket.java:277)
	at java.base/java.net.ServerSocket.<init>(ServerSocket.java:170)
	at com.helloCash.helloCash.service.SocketService.run(SocketService.java:28)
	at java.base/java.lang.Thread.run(Thread.java:1570)
WARNING: A Java agent has been loaded dynamically (/Users/mac/.m2/repository/net/bytebuddy/byte-buddy-agent/1.14.16/byte-buddy-agent-1.14.16.jar)
WARNING: If a serviceability tool is in use, please run with -XX:+EnableDynamicAgentLoading to hide this warning
WARNING: If a serviceability tool is not in use, please run with -Djdk.instrument.traceUsage for more information
WARNING: Dynamic loading of agents will be disallowed by default in a future release
]]></system-err>
  </testcase>
</testsuite>